2020-05-10 01:09:40.577 [main] DEBUG framework.ElementReadyStatus - We've just greeted the user!
2020-05-10 01:09:40.580 [main] INFO  framework.ElementReadyStatus - We've just greeted the user!
2020-05-10 01:09:40.580 [main] WARN  framework.ElementReadyStatus - We've just greeted the user!
2020-05-10 01:09:40.581 [main] ERROR framework.ElementReadyStatus - We've just greeted the user!
2020-05-10 01:09:40.581 [main] FATAL framework.ElementReadyStatus - We've just greeted the user!
2020-05-10 01:09:40.683 [main] DEBUG framework.ElementReadyStatus - We've just greeted the user!
2020-05-10 01:09:40.683 [main] INFO  framework.ElementReadyStatus - We've just greeted the user!
2020-05-10 01:09:40.683 [main] WARN  framework.ElementReadyStatus - We've just greeted the user!
2020-05-10 01:09:40.683 [main] ERROR framework.ElementReadyStatus - We've just greeted the user!
2020-05-10 01:09:40.683 [main] FATAL framework.ElementReadyStatus - We've just greeted the user!
2020-05-10 01:09:41.921 [main] DEBUG framework.ElementReadyStatus - We've just greeted the user!
2020-05-10 01:09:41.921 [main] INFO  framework.ElementReadyStatus - We've just greeted the user!
2020-05-10 01:09:41.921 [main] WARN  framework.ElementReadyStatus - We've just greeted the user!
2020-05-10 01:09:41.922 [main] ERROR framework.ElementReadyStatus - We've just greeted the user!
2020-05-10 01:09:41.922 [main] FATAL framework.ElementReadyStatus - We've just greeted the user!
2020-05-10 01:09:43.580 [main] DEBUG framework.ElementReadyStatus - We've just greeted the user!
2020-05-10 01:09:43.581 [main] INFO  framework.ElementReadyStatus - We've just greeted the user!
2020-05-10 01:09:43.581 [main] WARN  framework.ElementReadyStatus - We've just greeted the user!
2020-05-10 01:09:43.581 [main] ERROR framework.ElementReadyStatus - We've just greeted the user!
2020-05-10 01:09:43.581 [main] FATAL framework.ElementReadyStatus - We've just greeted the user!
2020-05-10 01:09:44.563 [main] DEBUG framework.ElementReadyStatus - We've just greeted the user!
2020-05-10 01:09:44.563 [main] INFO  framework.ElementReadyStatus - We've just greeted the user!
2020-05-10 01:09:44.563 [main] WARN  framework.ElementReadyStatus - We've just greeted the user!
2020-05-10 01:09:44.564 [main] ERROR framework.ElementReadyStatus - We've just greeted the user!
2020-05-10 01:09:44.564 [main] FATAL framework.ElementReadyStatus - We've just greeted the user!
2020-05-10 01:09:44.813 [main] DEBUG framework.ElementReadyStatus - We've just greeted the user!
2020-05-10 01:09:44.813 [main] INFO  framework.ElementReadyStatus - We've just greeted the user!
2020-05-10 01:09:44.813 [main] WARN  framework.ElementReadyStatus - We've just greeted the user!
2020-05-10 01:09:44.814 [main] ERROR framework.ElementReadyStatus - We've just greeted the user!
2020-05-10 01:09:44.814 [main] FATAL framework.ElementReadyStatus - We've just greeted the user!
2020-05-10 01:09:44.953 [main] DEBUG framework.ElementReadyStatus - We've just greeted the user!
2020-05-10 01:09:44.953 [main] INFO  framework.ElementReadyStatus - We've just greeted the user!
2020-05-10 01:09:44.954 [main] WARN  framework.ElementReadyStatus - We've just greeted the user!
2020-05-10 01:09:44.954 [main] ERROR framework.ElementReadyStatus - We've just greeted the user!
2020-05-10 01:09:44.954 [main] FATAL framework.ElementReadyStatus - We've just greeted the user!
2020-05-10 01:09:45.058 [main] DEBUG framework.ElementReadyStatus - We've just greeted the user!
2020-05-10 01:09:45.058 [main] INFO  framework.ElementReadyStatus - We've just greeted the user!
2020-05-10 01:09:45.058 [main] WARN  framework.ElementReadyStatus - We've just greeted the user!
2020-05-10 01:09:45.058 [main] ERROR framework.ElementReadyStatus - We've just greeted the user!
2020-05-10 01:09:45.058 [main] FATAL framework.ElementReadyStatus - We've just greeted the user!
2020-05-10 01:14:15.469 [main] DEBUG framework.ElementReadyStatus - We've just greeted the user!
2020-05-10 01:14:15.471 [main] INFO  framework.ElementReadyStatus - We've just greeted the user!
2020-05-10 01:14:15.471 [main] WARN  framework.ElementReadyStatus - We've just greeted the user!
2020-05-10 01:14:15.471 [main] ERROR framework.ElementReadyStatus - We've just greeted the user!
2020-05-10 01:14:15.471 [main] FATAL framework.ElementReadyStatus - We've just greeted the user!
2020-05-10 01:14:15.565 [main] DEBUG framework.ElementReadyStatus - We've just greeted the user!
2020-05-10 01:14:15.565 [main] INFO  framework.ElementReadyStatus - We've just greeted the user!
2020-05-10 01:14:15.565 [main] WARN  framework.ElementReadyStatus - We've just greeted the user!
2020-05-10 01:14:15.565 [main] ERROR framework.ElementReadyStatus - We've just greeted the user!
2020-05-10 01:14:15.565 [main] FATAL framework.ElementReadyStatus - We've just greeted the user!
2020-05-10 01:14:17.780 [main] DEBUG framework.ElementReadyStatus - We've just greeted the user!
2020-05-10 01:14:17.781 [main] INFO  framework.ElementReadyStatus - We've just greeted the user!
2020-05-10 01:14:17.781 [main] WARN  framework.ElementReadyStatus - We've just greeted the user!
2020-05-10 01:14:17.781 [main] ERROR framework.ElementReadyStatus - We've just greeted the user!
2020-05-10 01:14:17.781 [main] FATAL framework.ElementReadyStatus - We've just greeted the user!
2020-05-10 01:14:19.047 [main] DEBUG framework.ElementReadyStatus - We've just greeted the user!
2020-05-10 01:14:19.047 [main] INFO  framework.ElementReadyStatus - We've just greeted the user!
2020-05-10 01:14:19.047 [main] WARN  framework.ElementReadyStatus - We've just greeted the user!
2020-05-10 01:14:19.047 [main] ERROR framework.ElementReadyStatus - We've just greeted the user!
2020-05-10 01:14:19.047 [main] FATAL framework.ElementReadyStatus - We've just greeted the user!
2020-05-10 01:14:20.287 [main] DEBUG framework.ElementReadyStatus - We've just greeted the user!
2020-05-10 01:14:20.287 [main] INFO  framework.ElementReadyStatus - We've just greeted the user!
2020-05-10 01:14:20.287 [main] WARN  framework.ElementReadyStatus - We've just greeted the user!
2020-05-10 01:14:20.287 [main] ERROR framework.ElementReadyStatus - We've just greeted the user!
2020-05-10 01:14:20.287 [main] FATAL framework.ElementReadyStatus - We've just greeted the user!
2020-05-10 01:14:20.552 [main] DEBUG framework.ElementReadyStatus - We've just greeted the user!
2020-05-10 01:14:20.552 [main] INFO  framework.ElementReadyStatus - We've just greeted the user!
2020-05-10 01:14:20.552 [main] WARN  framework.ElementReadyStatus - We've just greeted the user!
2020-05-10 01:14:20.552 [main] ERROR framework.ElementReadyStatus - We've just greeted the user!
2020-05-10 01:14:20.552 [main] FATAL framework.ElementReadyStatus - We've just greeted the user!
2020-05-10 01:14:20.695 [main] DEBUG framework.ElementReadyStatus - We've just greeted the user!
2020-05-10 01:14:20.696 [main] INFO  framework.ElementReadyStatus - We've just greeted the user!
2020-05-10 01:14:20.696 [main] WARN  framework.ElementReadyStatus - We've just greeted the user!
2020-05-10 01:14:20.696 [main] ERROR framework.ElementReadyStatus - We've just greeted the user!
2020-05-10 01:14:20.696 [main] FATAL framework.ElementReadyStatus - We've just greeted the user!
2020-05-10 01:14:20.801 [main] DEBUG framework.ElementReadyStatus - We've just greeted the user!
2020-05-10 01:14:20.801 [main] INFO  framework.ElementReadyStatus - We've just greeted the user!
2020-05-10 01:14:20.801 [main] WARN  framework.ElementReadyStatus - We've just greeted the user!
2020-05-10 01:14:20.802 [main] ERROR framework.ElementReadyStatus - We've just greeted the user!
2020-05-10 01:14:20.802 [main] FATAL framework.ElementReadyStatus - We've just greeted the user!
2020-05-10 01:34:28.191 [main] DEBUG framework.ElementReadyStatus - We've just greeted the user!
2020-05-10 01:34:28.193 [main] INFO  framework.ElementReadyStatus - We've just greeted the user!
2020-05-10 01:34:28.194 [main] WARN  framework.ElementReadyStatus - We've just greeted the user!
2020-05-10 01:34:28.194 [main] ERROR framework.ElementReadyStatus - We've just greeted the user!
2020-05-10 01:34:28.194 [main] FATAL framework.ElementReadyStatus - We've just greeted the user!
2020-05-10 01:34:28.303 [main] DEBUG framework.ElementReadyStatus - We've just greeted the user!
2020-05-10 01:34:28.303 [main] INFO  framework.ElementReadyStatus - We've just greeted the user!
2020-05-10 01:34:28.303 [main] WARN  framework.ElementReadyStatus - We've just greeted the user!
2020-05-10 01:34:28.303 [main] ERROR framework.ElementReadyStatus - We've just greeted the user!
2020-05-10 01:34:28.303 [main] FATAL framework.ElementReadyStatus - We've just greeted the user!
2020-05-10 01:34:29.711 [main] DEBUG framework.ElementReadyStatus - We've just greeted the user!
2020-05-10 01:34:29.711 [main] INFO  framework.ElementReadyStatus - We've just greeted the user!
2020-05-10 01:34:29.711 [main] WARN  framework.ElementReadyStatus - We've just greeted the user!
2020-05-10 01:34:29.712 [main] ERROR framework.ElementReadyStatus - We've just greeted the user!
2020-05-10 01:34:29.712 [main] FATAL framework.ElementReadyStatus - We've just greeted the user!
2020-05-10 01:34:31.321 [main] DEBUG framework.ElementReadyStatus - We've just greeted the user!
2020-05-10 01:34:31.321 [main] INFO  framework.ElementReadyStatus - We've just greeted the user!
2020-05-10 01:34:31.321 [main] WARN  framework.ElementReadyStatus - We've just greeted the user!
2020-05-10 01:34:31.321 [main] ERROR framework.ElementReadyStatus - We've just greeted the user!
2020-05-10 01:34:31.321 [main] FATAL framework.ElementReadyStatus - We've just greeted the user!
2020-05-10 01:34:32.720 [main] DEBUG framework.ElementReadyStatus - We've just greeted the user!
2020-05-10 01:34:32.720 [main] INFO  framework.ElementReadyStatus - We've just greeted the user!
2020-05-10 01:34:32.720 [main] WARN  framework.ElementReadyStatus - We've just greeted the user!
2020-05-10 01:34:32.720 [main] ERROR framework.ElementReadyStatus - We've just greeted the user!
2020-05-10 01:34:32.720 [main] FATAL framework.ElementReadyStatus - We've just greeted the user!
2020-05-10 01:34:32.924 [main] DEBUG framework.ElementReadyStatus - We've just greeted the user!
2020-05-10 01:34:32.924 [main] INFO  framework.ElementReadyStatus - We've just greeted the user!
2020-05-10 01:34:32.924 [main] WARN  framework.ElementReadyStatus - We've just greeted the user!
2020-05-10 01:34:32.924 [main] ERROR framework.ElementReadyStatus - We've just greeted the user!
2020-05-10 01:34:32.924 [main] FATAL framework.ElementReadyStatus - We've just greeted the user!
2020-05-10 01:34:33.102 [main] DEBUG framework.ElementReadyStatus - We've just greeted the user!
2020-05-10 01:34:33.102 [main] INFO  framework.ElementReadyStatus - We've just greeted the user!
2020-05-10 01:34:33.102 [main] WARN  framework.ElementReadyStatus - We've just greeted the user!
2020-05-10 01:34:33.102 [main] ERROR framework.ElementReadyStatus - We've just greeted the user!
2020-05-10 01:34:33.102 [main] FATAL framework.ElementReadyStatus - We've just greeted the user!
2020-05-10 01:34:33.207 [main] DEBUG framework.ElementReadyStatus - We've just greeted the user!
2020-05-10 01:34:33.207 [main] INFO  framework.ElementReadyStatus - We've just greeted the user!
2020-05-10 01:34:33.207 [main] WARN  framework.ElementReadyStatus - We've just greeted the user!
2020-05-10 01:34:33.208 [main] ERROR framework.ElementReadyStatus - We've just greeted the user!
2020-05-10 01:34:33.208 [main] FATAL framework.ElementReadyStatus - We've just greeted the user!
